{"/Users/Roberto.E.Garcia/Documents/copilot-class/new folder/disney-movies-service/src/app.ts": {"path":"/Users/Roberto.E.Garcia/Documents/copilot-class/new folder/disney-movies-service/src/app.ts","statementMap":{"0":{"start":{"line":1,"column":0},"end":{"line":1,"column":30}},"1":{"start":{"line":2,"column":0},"end":{"line":2,"column":56}},"2":{"start":{"line":4,"column":12},"end":{"line":4,"column":21}},"3":{"start":{"line":5,"column":13},"end":{"line":5,"column":37}},"4":{"start":{"line":7,"column":0},"end":{"line":7,"column":24}},"5":{"start":{"line":9,"column":0},"end":{"line":9,"column":21}},"6":{"start":{"line":11,"column":0},"end":{"line":13,"column":3}},"7":{"start":{"line":12,"column":4},"end":{"line":12,"column":65}},"8":{"start":{"line":15,"column":0},"end":{"line":15,"column":19}}},"fnMap":{"0":{"name":"(anonymous_1)","decl":{"start":{"line":11,"column":17},"end":{"line":11,"column":20}},"loc":{"start":{"line":11,"column":22},"end":{"line":13,"column":1}}}},"branchMap":{"0":{"loc":{"start":{"line":5,"column":13},"end":{"line":5,"column":37}},"type":"binary-expr","locations":[{"start":{"line":5,"column":13},"end":{"line":5,"column":29}},{"start":{"line":5,"column":33},"end":{"line":5,"column":37}}]}},"s":{"0":1,"1":1,"2":1,"3":1,"4":1,"5":1,"6":1,"7":1,"8":1},"f":{"0":1},"b":{"0":[1,1]}}
,"/Users/Roberto.E.Garcia/Documents/copilot-class/new folder/disney-movies-service/src/controllers/moviesController.ts": {"path":"/Users/Roberto.E.Garcia/Documents/copilot-class/new folder/disney-movies-service/src/controllers/moviesController.ts","statementMap":{"0":{"start":{"line":5,"column":12},"end":{"line":5,"column":33}},"1":{"start":{"line":8,"column":8},"end":{"line":8,"column":30}},"2":{"start":{"line":12,"column":24},"end":{"line":12,"column":37}},"3":{"start":{"line":13,"column":22},"end":{"line":13,"column":61}},"4":{"start":{"line":13,"column":44},"end":{"line":13,"column":60}},"5":{"start":{"line":14,"column":8},"end":{"line":18,"column":null}},"6":{"start":{"line":15,"column":12},"end":{"line":15,"column":28}},"7":{"start":{"line":17,"column":12},"end":{"line":17,"column":52}},"8":{"start":{"line":22,"column":32},"end":{"line":22,"column":40}},"9":{"start":{"line":23,"column":8},"end":{"line":23,"column":35}},"10":{"start":{"line":24,"column":8},"end":{"line":24,"column":39}},"11":{"start":{"line":28,"column":24},"end":{"line":28,"column":37}},"12":{"start":{"line":29,"column":22},"end":{"line":29,"column":66}},"13":{"start":{"line":29,"column":49},"end":{"line":29,"column":65}},"14":{"start":{"line":30,"column":8},"end":{"line":35,"column":null}},"15":{"start":{"line":31,"column":12},"end":{"line":31,"column":72}},"16":{"start":{"line":32,"column":12},"end":{"line":32,"column":41}},"17":{"start":{"line":34,"column":12},"end":{"line":34,"column":52}},"18":{"start":{"line":39,"column":24},"end":{"line":39,"column":37}},"19":{"start":{"line":40,"column":22},"end":{"line":40,"column":66}},"20":{"start":{"line":40,"column":49},"end":{"line":40,"column":65}},"21":{"start":{"line":41,"column":8},"end":{"line":46,"column":null}},"22":{"start":{"line":42,"column":12},"end":{"line":42,"column":41}},"23":{"start":{"line":43,"column":12},"end":{"line":43,"column":35}},"24":{"start":{"line":45,"column":12},"end":{"line":45,"column":52}},"25":{"start":{"line":4,"column":0},"end":{"line":4,"column":13}}},"fnMap":{"0":{"name":"(anonymous_0)","decl":{"start":{"line":4,"column":0},"end":{"line":4,"column":13}},"loc":{"start":{"line":4,"column":0},"end":{"line":48,"column":1}}},"1":{"name":"(anonymous_1)","decl":{"start":{"line":7,"column":11},"end":{"line":7,"column":23}},"loc":{"start":{"line":7,"column":51},"end":{"line":9,"column":5}}},"2":{"name":"(anonymous_2)","decl":{"start":{"line":11,"column":11},"end":{"line":11,"column":23}},"loc":{"start":{"line":11,"column":51},"end":{"line":19,"column":5}}},"3":{"name":"(anonymous_3)","decl":{"start":{"line":13,"column":39},"end":{"line":13,"column":40}},"loc":{"start":{"line":13,"column":44},"end":{"line":13,"column":60}}},"4":{"name":"(anonymous_4)","decl":{"start":{"line":21,"column":11},"end":{"line":21,"column":22}},"loc":{"start":{"line":21,"column":50},"end":{"line":25,"column":5}}},"5":{"name":"(anonymous_5)","decl":{"start":{"line":27,"column":11},"end":{"line":27,"column":22}},"loc":{"start":{"line":27,"column":50},"end":{"line":36,"column":5}}},"6":{"name":"(anonymous_6)","decl":{"start":{"line":29,"column":44},"end":{"line":29,"column":45}},"loc":{"start":{"line":29,"column":49},"end":{"line":29,"column":65}}},"7":{"name":"(anonymous_7)","decl":{"start":{"line":38,"column":11},"end":{"line":38,"column":22}},"loc":{"start":{"line":38,"column":50},"end":{"line":47,"column":5}}},"8":{"name":"(anonymous_8)","decl":{"start":{"line":40,"column":44},"end":{"line":40,"column":45}},"loc":{"start":{"line":40,"column":49},"end":{"line":40,"column":65}}}},"branchMap":{"0":{"loc":{"start":{"line":14,"column":8},"end":{"line":18,"column":null}},"type":"if","locations":[{"start":{"line":14,"column":8},"end":{"line":18,"column":null}},{"start":{"line":16,"column":15},"end":{"line":18,"column":null}}]},"1":{"loc":{"start":{"line":30,"column":8},"end":{"line":35,"column":null}},"type":"if","locations":[{"start":{"line":30,"column":8},"end":{"line":35,"column":null}},{"start":{"line":33,"column":15},"end":{"line":35,"column":null}}]},"2":{"loc":{"start":{"line":41,"column":8},"end":{"line":46,"column":null}},"type":"if","locations":[{"start":{"line":41,"column":8},"end":{"line":46,"column":null}},{"start":{"line":44,"column":15},"end":{"line":46,"column":null}}]}},"s":{"0":2,"1":2,"2":2,"3":2,"4":2,"5":2,"6":2,"7":0,"8":3,"9":3,"10":3,"11":2,"12":2,"13":2,"14":2,"15":2,"16":2,"17":0,"18":3,"19":3,"20":3,"21":3,"22":2,"23":2,"24":1,"25":2},"f":{"0":2,"1":2,"2":2,"3":2,"4":3,"5":2,"6":2,"7":3,"8":3},"b":{"0":[2,0],"1":[2,0],"2":[2,1]}}
,"/Users/Roberto.E.Garcia/Documents/copilot-class/new folder/disney-movies-service/src/routes/moviesRoutes.ts": {"path":"/Users/Roberto.E.Garcia/Documents/copilot-class/new folder/disney-movies-service/src/routes/moviesRoutes.ts","statementMap":{"0":{"start":{"line":1,"column":0},"end":{"line":1,"column":33}},"1":{"start":{"line":2,"column":0},"end":{"line":2,"column":67}},"2":{"start":{"line":4,"column":15},"end":{"line":4,"column":23}},"3":{"start":{"line":5,"column":25},"end":{"line":5,"column":47}},"4":{"start":{"line":8,"column":4},"end":{"line":8,"column":77}},"5":{"start":{"line":9,"column":4},"end":{"line":9,"column":81}},"6":{"start":{"line":10,"column":4},"end":{"line":10,"column":77}},"7":{"start":{"line":11,"column":4},"end":{"line":11,"column":80}},"8":{"start":{"line":12,"column":4},"end":{"line":12,"column":83}},"9":{"start":{"line":7,"column":0},"end":{"line":7,"column":16}}},"fnMap":{"0":{"name":"setMoviesRoutes","decl":{"start":{"line":7,"column":16},"end":{"line":7,"column":31}},"loc":{"start":{"line":7,"column":43},"end":{"line":13,"column":1}}}},"branchMap":{},"s":{"0":1,"1":1,"2":1,"3":1,"4":1,"5":1,"6":1,"7":1,"8":1,"9":1},"f":{"0":1},"b":{}}
}
