TN:
SF:src/app.ts
FN:11,(anonymous_1)
FNF:1
FNH:1
FNDA:1,(anonymous_1)
DA:1,1
DA:2,1
DA:4,1
DA:5,1
DA:7,1
DA:9,1
DA:11,1
DA:12,1
DA:15,1
LF:9
LH:9
BRDA:5,0,0,1
BRDA:5,0,1,1
BRF:2
BRH:2
end_of_record
TN:
SF:src/controllers/moviesController.ts
FN:4,(anonymous_0)
FN:7,(anonymous_1)
FN:11,(anonymous_2)
FN:13,(anonymous_3)
FN:21,(anonymous_4)
FN:27,(anonymous_5)
FN:29,(anonymous_6)
FN:38,(anonymous_7)
FN:40,(anonymous_8)
FNF:9
FNH:9
FNDA:2,(anonymous_0)
FNDA:2,(anonymous_1)
FNDA:2,(anonymous_2)
FNDA:2,(anonymous_3)
FNDA:3,(anonymous_4)
FNDA:2,(anonymous_5)
FNDA:2,(anonymous_6)
FNDA:3,(anonymous_7)
FNDA:3,(anonymous_8)
DA:4,2
DA:5,2
DA:8,2
DA:12,2
DA:13,2
DA:14,2
DA:15,2
DA:17,0
DA:22,3
DA:23,3
DA:24,3
DA:28,2
DA:29,2
DA:30,2
DA:31,2
DA:32,2
DA:34,0
DA:39,3
DA:40,3
DA:41,3
DA:42,2
DA:43,2
DA:45,1
LF:23
LH:21
BRDA:14,0,0,2
BRDA:14,0,1,0
BRDA:30,1,0,2
BRDA:30,1,1,0
BRDA:41,2,0,2
BRDA:41,2,1,1
BRF:6
BRH:4
end_of_record
TN:
SF:src/routes/moviesRoutes.ts
FN:7,setMoviesRoutes
FNF:1
FNH:1
FNDA:1,setMoviesRoutes
DA:1,1
DA:2,1
DA:4,1
DA:5,1
DA:7,1
DA:8,1
DA:9,1
DA:10,1
DA:11,1
DA:12,1
LF:10
LH:10
BRF:0
BRH:0
end_of_record
